<?xml version="1.0" encoding="UTF-8"?>
<testng-results skipped="0" failed="0" total="2" passed="2">
  <reporter-output>
    <line>
      <![CDATA[Browser Launched]]>
    </line>
    <line>
      <![CDATA[Browser Launched]]>
    </line>
    <line>
      <![CDATA[Browser Closed]]>
    </line>
  </reporter-output>
  <suite name="Test Suite" duration-ms="24587" started-at="2018-09-14T11:26:22Z" finished-at="2018-09-14T11:26:47Z">
    <groups>
    </groups>
    <test name="Test" duration-ms="24587" started-at="2018-09-14T11:26:22Z" finished-at="2018-09-14T11:26:47Z">
      <class name="NKpackage.NewTest">
        <test-method status="PASS" signature="beforeTest()[pri:0, instance:NKpackage.NewTest@1810399e]" name="beforeTest" is-config="true" duration-ms="4128" started-at="2018-09-14T16:56:22Z" finished-at="2018-09-14T16:56:26Z">
          <reporter-output>
          </reporter-output>
        </test-method> <!-- beforeTest -->
        <test-method status="PASS" signature="beforeTest()[pri:0, instance:NKpackage.NewTest1@32d992b2]" name="beforeTest" is-config="true" duration-ms="3332" started-at="2018-09-14T16:56:26Z" finished-at="2018-09-14T16:56:30Z">
          <reporter-output>
          </reporter-output>
        </test-method> <!-- beforeTest -->
        <test-method status="PASS" signature="NewTest()[pri:0, instance:NKpackage.NewTest@1810399e]" name="NewTest" duration-ms="4886" started-at="2018-09-14T16:56:30Z" finished-at="2018-09-14T16:56:34Z">
          <reporter-output>
            <line>
              <![CDATA[Browser Launched]]>
            </line>
          </reporter-output>
        </test-method> <!-- NewTest -->
        <test-method status="PASS" signature="afterTest()[pri:0, instance:NKpackage.NewTest@1810399e]" name="afterTest" is-config="true" duration-ms="1989" started-at="2018-09-14T16:56:44Z" finished-at="2018-09-14T16:56:46Z">
          <reporter-output>
            <line>
              <![CDATA[Browser Closed]]>
            </line>
          </reporter-output>
        </test-method> <!-- afterTest -->
        <test-method status="PASS" signature="afterTest()[pri:0, instance:NKpackage.NewTest1@32d992b2]" name="afterTest" is-config="true" duration-ms="1050" started-at="2018-09-14T16:56:46Z" finished-at="2018-09-14T16:56:47Z">
          <reporter-output>
          </reporter-output>
        </test-method> <!-- afterTest -->
      </class> <!-- NKpackage.NewTest -->
      <class name="NKpackage.NewTest1">
        <test-method status="PASS" signature="NewTest1()[pri:0, instance:NKpackage.NewTest1@32d992b2]" name="NewTest1" duration-ms="9150" started-at="2018-09-14T16:56:34Z" finished-at="2018-09-14T16:56:44Z">
          <reporter-output>
            <line>
              <![CDATA[Browser Launched]]>
            </line>
          </reporter-output>
        </test-method> <!-- NewTest1 -->
      </class> <!-- NKpackage.NewTest1 -->
    </test> <!-- Test -->
  </suite> <!-- Test Suite -->
</testng-results>
